#
# There is insufficient memory for the Java Runtime Environment to continue.
# Native memory allocation (malloc) failed to allocate 89128960 bytes for committing reserved memory.
# Possible reasons:
#   The system is out of physical RAM or swap space
#   In 32 bit mode, the process size limit was hit
# Possible solutions:
#   Reduce memory load on the system
#   Increase physical memory or swap space
#   Check if swap backing store is full
#   Use 64 bit Java on a 64 bit OS
#   Decrease Java heap size (-Xmx/-Xms)
#   Decrease number of Java threads
#   Decrease Java thread stack sizes (-Xss)
#   Set larger code cache with -XX:ReservedCodeCacheSize=
# This output file may be truncated or incomplete.
#
#  Out of Memory Error (os_linux.cpp:2745), pid=14730, tid=140006347306752
#
# JRE version: Java(TM) SE Runtime Environment (7.0_65-b17) (build 1.7.0_65-b17)
# Java VM: Java HotSpot(TM) 64-Bit Server VM (24.65-b04 mixed mode linux-amd64 compressed oops)
# Failed to write core dump. Core dumps have been disabled. To enable core dumping, try "ulimit -c unlimited" before starting Java again
#

---------------  T H R E A D  ---------------

Current thread (0x00007f55c00ec800):  VMThread [stack: 0x00007f55c488f000,0x00007f55c4990000] [id=14742]

Stack: [0x00007f55c488f000,0x00007f55c4990000],  sp=0x00007f55c498e2d0,  free space=1020k
Native frames: (J=compiled Java code, j=interpreted, Vv=VM code, C=native code)
V  [libjvm.so+0x99eb8a]  VMError::report_and_die()+0x2ea
V  [libjvm.so+0x49721b]  report_vm_out_of_memory(char const*, int, unsigned long, char const*)+0x9b
V  [libjvm.so+0x81d9ae]  os::Linux::commit_memory_impl(char*, unsigned long, bool)+0xfe
V  [libjvm.so+0x81def9]  os::pd_commit_memory(char*, unsigned long, unsigned long, bool)+0x29
V  [libjvm.so+0x817caa]  os::commit_memory(char*, unsigned long, unsigned long, bool)+0x2a
V  [libjvm.so+0x88a7a3]  PSVirtualSpace::expand_by(unsigned long)+0x53
V  [libjvm.so+0x88bb78]  PSYoungGen::resize_generation(unsigned long, unsigned long)+0xf8
V  [libjvm.so+0x88ace2]  PSYoungGen::resize(unsigned long, unsigned long)+0x22
V  [libjvm.so+0x888133]  PSScavenge::invoke_no_policy()+0xfb3
V  [libjvm.so+0x8888e1]  PSScavenge::invoke()+0x41
V  [libjvm.so+0x83f510]  ParallelScavengeHeap::failed_mem_allocate(unsigned long)+0x70
V  [libjvm.so+0x9a0417]  VM_ParallelGCFailedAllocation::doit()+0x97
V  [libjvm.so+0x9a78b5]  VM_Operation::evaluate()+0x55
V  [libjvm.so+0x9a5c7a]  VMThread::evaluate_operation(VM_Operation*)+0xba
V  [libjvm.so+0x9a5ffe]  VMThread::loop()+0x1ce
V  [libjvm.so+0x9a6470]  VMThread::run()+0x70
V  [libjvm.so+0x81f988]  java_start(Thread*)+0x108

VM_Operation (0x00007f55c8b531b0): ParallelGCFailedAllocation, mode: safepoint, requested by thread 0x00007f55c000a000


---------------  P R O C E S S  ---------------

Java Threads: ( => current thread )
  0x00007f55c0119000 JavaThread "Service Thread" daemon [_thread_blocked, id=14748, stack(0x00007f55baa6d000,0x00007f55bab6e000)]
  0x00007f55c0117000 JavaThread "C2 CompilerThread1" daemon [_thread_blocked, id=14747, stack(0x00007f55bab6e000,0x00007f55bac6f000)]
  0x00007f55c0114000 JavaThread "C2 CompilerThread0" daemon [_thread_blocked, id=14746, stack(0x00007f55bac6f000,0x00007f55bad70000)]
  0x00007f55c0112800 JavaThread "Signal Dispatcher" daemon [_thread_blocked, id=14745, stack(0x00007f55c404e000,0x00007f55c414f000)]
  0x00007f55c00f3000 JavaThread "Finalizer" daemon [_thread_blocked, id=14744, stack(0x00007f55c468d000,0x00007f55c478e000)]
  0x00007f55c00f1000 JavaThread "Reference Handler" daemon [_thread_blocked, id=14743, stack(0x00007f55c478e000,0x00007f55c488f000)]
  0x00007f55c000a000 JavaThread "main" [_thread_blocked, id=14739, stack(0x00007f55c8a54000,0x00007f55c8b55000)]

Other Threads:
=>0x00007f55c00ec800 VMThread [stack: 0x00007f55c488f000,0x00007f55c4990000] [id=14742]
  0x00007f55c0124000 WatcherThread [stack: 0x00007f55ba96c000,0x00007f55baa6d000] [id=14749]

VM state:at safepoint (normal execution)

VM Mutex/Monitor currently owned by a thread:  ([mutex/lock_event])
[0x00007f55c00067b0] Threads_lock - owner thread: 0x00007f55c00ec800
[0x00007f55c0006cb0] Heap_lock - owner thread: 0x00007f55c000a000

Heap
 PSYoungGen      total 66048K, used 2554K [0x00000000eaa80000, 0x00000000eed80000, 0x0000000100000000)
  eden space 63488K, 0% used [0x00000000eaa80000,0x00000000eaa80000,0x00000000ee880000)
  from space 2560K, 99% used [0x00000000ee880000,0x00000000eeafe988,0x00000000eeb00000)
  to   space 2560K, 0% used [0x00000000eeb00000,0x00000000eeb00000,0x00000000eed80000)
 ParOldGen       total 41472K, used 31198K [0x00000000c0000000, 0x00000000c2880000, 0x00000000eaa80000)
  object space 41472K, 75% used [0x00000000c0000000,0x00000000c1e77ad8,0x00000000c2880000)
 PSPermGen       total 21504K, used 6765K [0x00000000bae00000, 0x00000000bc300000, 0x00000000c0000000)
  object space 21504K, 31% used [0x00000000bae00000,0x00000000bb49b600,0x00000000bc300000)

Card table byte_map: [0x00007f55c5b1e000,0x00007f55c5d48000] byte_map_base: 0x00007f55c5547000

Polling page: 0x00007f55c8b77000

Code Cache  [0x00007f55bd000000, 0x00007f55bd270000, 0x00007f55c0000000)
 total_blobs=735 nmethods=487 adapters=202 free_code_cache=47792Kb largest_free_block=48905600

Compilation events (10 events):
Event: 7,163 Thread 0x00007f55c0117000 nmethod 464 0x00007f55bd1570d0 code [0x00007f55bd157440, 0x00007f55bd1590d8]
Event: 7,163 Thread 0x00007f55c0117000  485             com.android.dex.Annotation::getReader (14 bytes)
Event: 7,166 Thread 0x00007f55c0117000 nmethod 485 0x00007f55bd143d90 code [0x00007f55bd143ee0, 0x00007f55bd144058]
Event: 7,166 Thread 0x00007f55c0117000  486             com.android.dx.merge.IndexMap$EncodedValueTransformer::access$100 (6 bytes)
Event: 7,180 Thread 0x00007f55c0114000 nmethod 484 0x00007f55bd154910 code [0x00007f55bd154b60, 0x00007f55bd1555e0]
Event: 7,180 Thread 0x00007f55c0114000  487             com.android.dex.Annotation::getVisibility (5 bytes)
Event: 7,180 Thread 0x00007f55c0114000 nmethod 487 0x00007f55bd152f50 code [0x00007f55bd153080, 0x00007f55bd1530d8]
Event: 7,180 Thread 0x00007f55c0114000  488             java.util.ComparableTimSort::countRunAndMakeAscending (123 bytes)
Event: 7,188 Thread 0x00007f55c0117000 nmethod 486 0x00007f55bd14a210 code [0x00007f55bd14a400, 0x00007f55bd14a820]
Event: 7,188 Thread 0x00007f55c0117000  489 %           com.android.dx.merge.DexMerger$IdMerger::mergeUnsorted @ 87 (247 bytes)

GC Heap History (9 events):
Event: 3,454 GC heap before
{Heap before GC invocations=1 (full 0):
 PSYoungGen      total 18432K, used 15455K [0x00000000eaa80000, 0x00000000ebf00000, 0x0000000100000000)
  eden space 15872K, 97% used [0x00000000eaa80000,0x00000000eb997dd8,0x00000000eba00000)
  from space 2560K, 0% used [0x00000000ebc80000,0x00000000ebc80000,0x00000000ebf00000)
  to   space 2560K, 0% used [0x00000000eba00000,0x00000000eba00000,0x00000000ebc80000)
 ParOldGen       total 41472K, used 0K [0x00000000c0000000, 0x00000000c2880000, 0x00000000eaa80000)
  object space 41472K, 0% used [0x00000000c0000000,0x00000000c0000000,0x00000000c2880000)
 PSPermGen       total 21504K, used 5131K [0x00000000bae00000, 0x00000000bc300000, 0x00000000c0000000)
  object space 21504K, 23% used [0x00000000bae00000,0x00000000bb302e30,0x00000000bc300000)
Event: 3,497 GC heap after
Heap after GC invocations=1 (full 0):
 PSYoungGen      total 18432K, used 2546K [0x00000000eaa80000, 0x00000000ece80000, 0x0000000100000000)
  eden space 15872K, 0% used [0x00000000eaa80000,0x00000000eaa80000,0x00000000eba00000)
  from space 2560K, 99% used [0x00000000eba00000,0x00000000ebc7cb80,0x00000000ebc80000)
  to   space 2560K, 0% used [0x00000000ecc00000,0x00000000ecc00000,0x00000000ece80000)
 ParOldGen       total 41472K, used 1922K [0x00000000c0000000, 0x00000000c2880000, 0x00000000eaa80000)
  object space 41472K, 4% used [0x00000000c0000000,0x00000000c01e0890,0x00000000c2880000)
 PSPermGen       total 21504K, used 5131K [0x00000000bae00000, 0x00000000bc300000, 0x00000000c0000000)
  object space 21504K, 23% used [0x00000000bae00000,0x00000000bb302e30,0x00000000bc300000)
}
Event: 3,581 GC heap before
{Heap before GC invocations=2 (full 0):
 PSYoungGen      total 18432K, used 15773K [0x00000000eaa80000, 0x00000000ece80000, 0x0000000100000000)
  eden space 15872K, 83% used [0x00000000eaa80000,0x00000000eb76abe0,0x00000000eba00000)
  from space 2560K, 99% used [0x00000000eba00000,0x00000000ebc7cb80,0x00000000ebc80000)
  to   space 2560K, 0% used [0x00000000ecc00000,0x00000000ecc00000,0x00000000ece80000)
 ParOldGen       total 41472K, used 1922K [0x00000000c0000000, 0x00000000c2880000, 0x00000000eaa80000)
  object space 41472K, 4% used [0x00000000c0000000,0x00000000c01e0890,0x00000000c2880000)
 PSPermGen       total 21504K, used 5131K [0x00000000bae00000, 0x00000000bc300000, 0x00000000c0000000)
  object space 21504K, 23% used [0x00000000bae00000,0x00000000bb302e30,0x00000000bc300000)
Event: 3,596 GC heap after
Heap after GC invocations=2 (full 0):
 PSYoungGen      total 34304K, used 2555K [0x00000000eaa80000, 0x00000000ece80000, 0x0000000100000000)
  eden space 31744K, 0% used [0x00000000eaa80000,0x00000000eaa80000,0x00000000ec980000)
  from space 2560K, 99% used [0x00000000ecc00000,0x00000000ece7ecb8,0x00000000ece80000)
  to   space 2560K, 0% used [0x00000000ec980000,0x00000000ec980000,0x00000000ecc00000)
 ParOldGen       total 41472K, used 7494K [0x00000000c0000000, 0x00000000c2880000, 0x00000000eaa80000)
  object space 41472K, 18% used [0x00000000c0000000,0x00000000c0751b68,0x00000000c2880000)
 PSPermGen       total 21504K, used 5131K [0x00000000bae00000, 0x00000000bc300000, 0x00000000c0000000)
  object space 21504K, 23% used [0x00000000bae00000,0x00000000bb302e30,0x00000000bc300000)
}
Event: 5,602 GC heap before
{Heap before GC invocations=3 (full 0):
 PSYoungGen      total 34304K, used 34299K [0x00000000eaa80000, 0x00000000ece80000, 0x0000000100000000)
  eden space 31744K, 100% used [0x00000000eaa80000,0x00000000ec980000,0x00000000ec980000)
  from space 2560K, 99% used [0x00000000ecc00000,0x00000000ece7ecb8,0x00000000ece80000)
  to   space 2560K, 0% used [0x00000000ec980000,0x00000000ec980000,0x00000000ecc00000)
 ParOldGen       total 41472K, used 7494K [0x00000000c0000000, 0x00000000c2880000, 0x00000000eaa80000)
  object space 41472K, 18% used [0x00000000c0000000,0x00000000c0751b68,0x00000000c2880000)
 PSPermGen       total 21504K, used 6714K [0x00000000bae00000, 0x00000000bc300000, 0x00000000c0000000)
  object space 21504K, 31% used [0x00000000bae00000,0x00000000bb48eb88,0x00000000bc300000)
Event: 5,623 GC heap after
Heap after GC invocations=3 (full 0):
 PSYoungGen      total 34304K, used 2558K [0x00000000eaa80000, 0x00000000eed80000, 0x0000000100000000)
  eden space 31744K, 0% used [0x00000000eaa80000,0x00000000eaa80000,0x00000000ec980000)
  from space 2560K, 99% used [0x00000000ec980000,0x00000000ecbffb08,0x00000000ecc00000)
  to   space 2560K, 0% used [0x00000000eeb00000,0x00000000eeb00000,0x00000000eed80000)
 ParOldGen       total 41472K, used 16032K [0x00000000c0000000, 0x00000000c2880000, 0x00000000eaa80000)
  object space 41472K, 38% used [0x00000000c0000000,0x00000000c0fa83a0,0x00000000c2880000)
 PSPermGen       total 21504K, used 6714K [0x00000000bae00000, 0x00000000bc300000, 0x00000000c0000000)
  object space 21504K, 31% used [0x00000000bae00000,0x00000000bb48eb88,0x00000000bc300000)
}
Event: 6,355 GC heap before
{Heap before GC invocations=4 (full 0):
 PSYoungGen      total 34304K, used 34302K [0x00000000eaa80000, 0x00000000eed80000, 0x0000000100000000)
  eden space 31744K, 100% used [0x00000000eaa80000,0x00000000ec980000,0x00000000ec980000)
  from space 2560K, 99% used [0x00000000ec980000,0x00000000ecbffb08,0x00000000ecc00000)
  to   space 2560K, 0% used [0x00000000eeb00000,0x00000000eeb00000,0x00000000eed80000)
 ParOldGen       total 41472K, used 16032K [0x00000000c0000000, 0x00000000c2880000, 0x00000000eaa80000)
  object space 41472K, 38% used [0x00000000c0000000,0x00000000c0fa83a0,0x00000000c2880000)
 PSPermGen       total 21504K, used 6746K [0x00000000bae00000, 0x00000000bc300000, 0x00000000c0000000)
  object space 21504K, 31% used [0x00000000bae00000,0x00000000bb496a48,0x00000000bc300000)
Event: 6,384 GC heap after
Heap after GC invocations=4 (full 0):
 PSYoungGen      total 66048K, used 2554K [0x00000000eaa80000, 0x00000000eed80000, 0x0000000100000000)
  eden space 63488K, 0% used [0x00000000eaa80000,0x00000000eaa80000,0x00000000ee880000)
  from space 2560K, 99% used [0x00000000eeb00000,0x00000000eed7e988,0x00000000eed80000)
  to   space 2560K, 0% used [0x00000000ee880000,0x00000000ee880000,0x00000000eeb00000)
 ParOldGen       total 41472K, used 25455K [0x00000000c0000000, 0x00000000c2880000, 0x00000000eaa80000)
  object space 41472K, 61% used [0x00000000c0000000,0x00000000c18dbfc0,0x00000000c2880000)
 PSPermGen       total 21504K, used 6746K [0x00000000bae00000, 0x00000000bc300000, 0x00000000c0000000)
  object space 21504K, 31% used [0x00000000bae00000,0x00000000bb496a48,0x00000000bc300000)
}
Event: 7,206 GC heap before
{Heap before GC invocations=5 (full 0):
 PSYoungGen      total 66048K, used 66042K [0x00000000eaa80000, 0x00000000eed80000, 0x0000000100000000)
  eden space 63488K, 100% used [0x00000000eaa80000,0x00000000ee880000,0x00000000ee880000)
  from space 2560K, 99% used [0x00000000eeb00000,0x00000000eed7e988,0x00000000eed80000)
  to   space 2560K, 0% used [0x00000000ee880000,0x00000000ee880000,0x00000000eeb00000)
 ParOldGen       total 41472K, used 25455K [0x00000000c0000000, 0x00000000c2880000, 0x00000000eaa80000)
  object space 41472K, 61% used [0x00000000c0000000,0x00000000c18dbfc0,0x00000000c2880000)
 PSPermGen       total 21504K, used 6765K [0x00000000bae00000, 0x00000000bc300000, 0x00000000c0000000)
  object space 21504K, 31% used [0x00000000bae00000,0x00000000bb49b600,0x00000000bc300000)

Deoptimization events (2 events):
Event: 4,907 Thread 0x00007f55c000a000 Uncommon trap: reason=predicate action=maybe_recompile pc=0x00007f55bd0a5104 method=com.android.dex.Leb128.readUnsignedLeb128(Lcom/android/dex/util/ByteInput;)I @ 41
Event: 7,142 Thread 0x00007f55c000a000 Uncommon trap: reason=predicate action=maybe_recompile pc=0x00007f55bd128518 method=java.util.TimSort.binarySort([Ljava/lang/Object;IIILjava/util/Comparator;)V @ 37

Internal exceptions (10 events):
Event: 4,501 Thread 0x00007f55c000a000 Threw 0x00000000eb164978 at /HUDSON/workspace/7u-2-build-linux-amd64/jdk7u65/1224/hotspot/src/share/vm/prims/jvm.cpp:1244
Event: 4,502 Thread 0x00007f55c000a000 Threw 0x00000000eb167908 at /HUDSON/workspace/7u-2-build-linux-amd64/jdk7u65/1224/hotspot/src/share/vm/prims/jvm.cpp:1244
Event: 4,502 Thread 0x00007f55c000a000 Threw 0x00000000eb16ada8 at /HUDSON/workspace/7u-2-build-linux-amd64/jdk7u65/1224/hotspot/src/share/vm/prims/jvm.cpp:1244
Event: 4,506 Thread 0x00007f55c000a000 Threw 0x00000000eb1b2460 at /HUDSON/workspace/7u-2-build-linux-amd64/jdk7u65/1224/hotspot/src/share/vm/prims/jvm.cpp:1244
Event: 4,507 Thread 0x00007f55c000a000 Threw 0x00000000eb1b4610 at /HUDSON/workspace/7u-2-build-linux-amd64/jdk7u65/1224/hotspot/src/share/vm/prims/jvm.cpp:1244
Event: 4,735 Thread 0x00007f55c000a000 Threw 0x00000000eb2b4030 at /HUDSON/workspace/7u-2-build-linux-amd64/jdk7u65/1224/hotspot/src/share/vm/prims/jvm.cpp:1244
Event: 4,735 Thread 0x00007f55c000a000 Threw 0x00000000eb2b4158 at /HUDSON/workspace/7u-2-build-linux-amd64/jdk7u65/1224/hotspot/src/share/vm/prims/jvm.cpp:1244
Event: 4,736 Thread 0x00007f55c000a000 Threw 0x00000000eb2b64c8 at /HUDSON/workspace/7u-2-build-linux-amd64/jdk7u65/1224/hotspot/src/share/vm/prims/jvm.cpp:1244
Event: 4,736 Thread 0x00007f55c000a000 Threw 0x00000000eb2b65f0 at /HUDSON/workspace/7u-2-build-linux-amd64/jdk7u65/1224/hotspot/src/share/vm/prims/jvm.cpp:1244
Event: 5,414 Thread 0x00007f55c000a000 Threw 0x00000000ec3643a0 at /HUDSON/workspace/7u-2-build-linux-amd64/jdk7u65/1224/hotspot/src/share/vm/prims/jvm.cpp:1244

Events (10 events):
Event: 5,630 Executing VM operation: RevokeBias
Event: 5,630 Executing VM operation: RevokeBias done
Event: 6,355 Executing VM operation: ParallelGCFailedAllocation
Event: 6,384 Executing VM operation: ParallelGCFailedAllocation done
Event: 7,120 loading class 0x00007f55c5548980
Event: 7,140 loading class 0x00007f55c5548980 done
Event: 7,142 Thread 0x00007f55c000a000 Uncommon trap: trap_request=0xffffff86 fr.pc=0x00007f55bd128518
Event: 7,142 Thread 0x00007f55c000a000 DEOPT PACKING pc=0x00007f55bd128518 sp=0x00007f55c8b533e0
Event: 7,142 Thread 0x00007f55c000a000 DEOPT UNPACKING pc=0x00007f55bd039045 sp=0x00007f55c8b533d0 mode 2
Event: 7,206 Executing VM operation: ParallelGCFailedAllocation


Dynamic libraries:
00400000-00401000 r-xp 00000000 08:04 2244187                            /usr/lib/jvm/java-7-oracle/jre/bin/java
00600000-00601000 rw-p 00000000 08:04 2244187                            /usr/lib/jvm/java-7-oracle/jre/bin/java
015bc000-015dd000 rw-p 00000000 00:00 0                                  [heap]
bae00000-bc300000 rw-p 00000000 00:00 0 
bc300000-c0000000 rw-p 00000000 00:00 0 
c0000000-c2880000 rw-p 00000000 00:00 0 
c2880000-eaa80000 rw-p 00000000 00:00 0 
eaa80000-eed80000 rw-p 00000000 00:00 0 
f4280000-100000000 rw-p 00000000 00:00 0 
7f558c000000-7f558c021000 rw-p 00000000 00:00 0 
7f558c021000-7f5590000000 ---p 00000000 00:00 0 
7f5594000000-7f55948d7000 rw-p 00000000 00:00 0 
7f55948d7000-7f5598000000 ---p 00000000 00:00 0 
7f5598000000-7f5598021000 rw-p 00000000 00:00 0 
7f5598021000-7f559c000000 ---p 00000000 00:00 0 
7f559c000000-7f559c021000 rw-p 00000000 00:00 0 
7f559c021000-7f55a0000000 ---p 00000000 00:00 0 
7f55a0000000-7f55a083f000 rw-p 00000000 00:00 0 
7f55a083f000-7f55a4000000 ---p 00000000 00:00 0 
7f55a4000000-7f55a4021000 rw-p 00000000 00:00 0 
7f55a4021000-7f55a8000000 ---p 00000000 00:00 0 
7f55a8000000-7f55a8021000 rw-p 00000000 00:00 0 
7f55a8021000-7f55ac000000 ---p 00000000 00:00 0 
7f55ac000000-7f55ac021000 rw-p 00000000 00:00 0 
7f55ac021000-7f55b0000000 ---p 00000000 00:00 0 
7f55b0000000-7f55b00e4000 rw-p 00000000 00:00 0 
7f55b00e4000-7f55b4000000 ---p 00000000 00:00 0 
7f55b4000000-7f55b4021000 rw-p 00000000 00:00 0 
7f55b4021000-7f55b8000000 ---p 00000000 00:00 0 
7f55ba3d8000-7f55ba544000 rw-p 00000000 00:00 0 
7f55ba544000-7f55ba55a000 r-xp 00000000 08:04 2243904                    /usr/lib/jvm/java-7-oracle/jre/lib/amd64/libnet.so
7f55ba55a000-7f55ba75a000 ---p 00016000 08:04 2243904                    /usr/lib/jvm/java-7-oracle/jre/lib/amd64/libnet.so
7f55ba75a000-7f55ba75b000 rw-p 00016000 08:04 2243904                    /usr/lib/jvm/java-7-oracle/jre/lib/amd64/libnet.so
7f55ba75b000-7f55ba76b000 r-xp 00000000 08:04 2243876                    /usr/lib/jvm/java-7-oracle/jre/lib/amd64/libnio.so
7f55ba76b000-7f55ba96b000 ---p 00010000 08:04 2243876                    /usr/lib/jvm/java-7-oracle/jre/lib/amd64/libnio.so
7f55ba96b000-7f55ba96c000 rw-p 00010000 08:04 2243876                    /usr/lib/jvm/java-7-oracle/jre/lib/amd64/libnio.so
7f55ba96c000-7f55ba96d000 ---p 00000000 00:00 0 
7f55ba96d000-7f55baa6d000 rw-p 00000000 00:00 0                          [stack:14749]
7f55baa6d000-7f55baa70000 ---p 00000000 00:00 0 
7f55baa70000-7f55bab6e000 rw-p 00000000 00:00 0                          [stack:14748]
7f55bab6e000-7f55bab71000 ---p 00000000 00:00 0 
7f55bab71000-7f55bac6f000 rw-p 00000000 00:00 0                          [stack:14747]
7f55bac6f000-7f55bac72000 ---p 00000000 00:00 0 
7f55bac72000-7f55bd000000 rw-p 00000000 00:00 0                          [stack:14746]
7f55bd000000-7f55bd270000 rwxp 00000000 00:00 0 
7f55bd270000-7f55c02d1000 rw-p 00000000 00:00 0 
7f55c02d1000-7f55c4000000 ---p 00000000 00:00 0 
7f55c4023000-7f55c402a000 r--s 00000000 08:04 2617908                    /usr/lib/x86_64-linux-gnu/gconv/gconv-modules.cache
7f55c402a000-7f55c404e000 r--p 00000000 08:04 2756758                    /usr/share/locale-langpack/es/LC_MESSAGES/libc.mo
7f55c404e000-7f55c4051000 ---p 00000000 00:00 0 
7f55c4051000-7f55c414f000 rw-p 00000000 00:00 0                          [stack:14745]
7f55c414f000-7f55c468d000 r--p 00000000 08:04 2230799                    /usr/lib/locale/locale-archive
7f55c468d000-7f55c4690000 ---p 00000000 00:00 0 
7f55c4690000-7f55c478e000 rw-p 00000000 00:00 0                          [stack:14744]
7f55c478e000-7f55c4791000 ---p 00000000 00:00 0 
7f55c4791000-7f55c488f000 rw-p 00000000 00:00 0                          [stack:14743]
7f55c488f000-7f55c4890000 ---p 00000000 00:00 0 
7f55c4890000-7f55c52e4000 rw-p 00000000 00:00 0                          [stack:14742]
7f55c52e4000-7f55c54a3000 r--s 039e5000 08:04 2244173                    /usr/lib/jvm/java-7-oracle/jre/lib/rt.jar
7f55c54a3000-7f55c579d000 rw-p 00000000 00:00 0 
7f55c579d000-7f55c579e000 ---p 00000000 00:00 0 
7f55c579e000-7f55c589e000 rw-p 00000000 00:00 0                          [stack:14741]
7f55c589e000-7f55c589f000 ---p 00000000 00:00 0 
7f55c589f000-7f55c59aa000 rw-p 00000000 00:00 0                          [stack:14740]
7f55c59aa000-7f55c59c8000 rw-p 00000000 00:00 0 
7f55c59c8000-7f55c59dd000 rw-p 00000000 00:00 0 
7f55c59dd000-7f55c5b1e000 rw-p 00000000 00:00 0 
7f55c5b1e000-7f55c5b29000 rw-p 00000000 00:00 0 
7f55c5b29000-7f55c5b47000 rw-p 00000000 00:00 0 
7f55c5b47000-7f55c5b5c000 rw-p 00000000 00:00 0 
7f55c5b5c000-7f55c5c9c000 rw-p 00000000 00:00 0 
7f55c5c9c000-7f55c5cbe000 rw-p 00000000 00:00 0 
7f55c5cbe000-7f55c5d47000 rw-p 00000000 00:00 0 
7f55c5d47000-7f55c5d48000 rw-p 00000000 00:00 0 
7f55c5d48000-7f55c5d62000 r-xp 00000000 08:04 2243866                    /usr/lib/jvm/java-7-oracle/jre/lib/amd64/libzip.so
7f55c5d62000-7f55c5f62000 ---p 0001a000 08:04 2243866                    /usr/lib/jvm/java-7-oracle/jre/lib/amd64/libzip.so
7f55c5f62000-7f55c5f63000 rw-p 0001a000 08:04 2243866                    /usr/lib/jvm/java-7-oracle/jre/lib/amd64/libzip.so
7f55c5f63000-7f55c5f6f000 r-xp 00000000 08:04 1573922                    /lib/x86_64-linux-gnu/libnss_files-2.17.so
7f55c5f6f000-7f55c616e000 ---p 0000c000 08:04 1573922                    /lib/x86_64-linux-gnu/libnss_files-2.17.so
7f55c616e000-7f55c616f000 r--p 0000b000 08:04 1573922                    /lib/x86_64-linux-gnu/libnss_files-2.17.so
7f55c616f000-7f55c6170000 rw-p 0000c000 08:04 1573922                    /lib/x86_64-linux-gnu/libnss_files-2.17.so
7f55c6170000-7f55c617b000 r-xp 00000000 08:04 1573926                    /lib/x86_64-linux-gnu/libnss_nis-2.17.so
7f55c617b000-7f55c637a000 ---p 0000b000 08:04 1573926                    /lib/x86_64-linux-gnu/libnss_nis-2.17.so
7f55c637a000-7f55c637b000 r--p 0000a000 08:04 1573926                    /lib/x86_64-linux-gnu/libnss_nis-2.17.so
7f55c637b000-7f55c637c000 rw-p 0000b000 08:04 1573926                    /lib/x86_64-linux-gnu/libnss_nis-2.17.so
7f55c637c000-7f55c6393000 r-xp 00000000 08:04 1573916                    /lib/x86_64-linux-gnu/libnsl-2.17.so
7f55c6393000-7f55c6592000 ---p 00017000 08:04 1573916                    /lib/x86_64-linux-gnu/libnsl-2.17.so
7f55c6592000-7f55c6593000 r--p 00016000 08:04 1573916                    /lib/x86_64-linux-gnu/libnsl-2.17.so
7f55c6593000-7f55c6594000 rw-p 00017000 08:04 1573916                    /lib/x86_64-linux-gnu/libnsl-2.17.so
7f55c6594000-7f55c6596000 rw-p 00000000 00:00 0 
7f55c6596000-7f55c659e000 r-xp 00000000 08:04 1573918                    /lib/x86_64-linux-gnu/libnss_compat-2.17.so
7f55c659e000-7f55c679d000 ---p 00008000 08:04 1573918                    /lib/x86_64-linux-gnu/libnss_compat-2.17.so
7f55c679d000-7f55c679e000 r--p 00007000 08:04 1573918                    /lib/x86_64-linux-gnu/libnss_compat-2.17.so
7f55c679e000-7f55c679f000 rw-p 00008000 08:04 1573918                    /lib/x86_64-linux-gnu/libnss_compat-2.17.so
7f55c679f000-7f55c67c8000 r-xp 00000000 08:04 2243874                    /usr/lib/jvm/java-7-oracle/jre/lib/amd64/libjava.so
7f55c67c8000-7f55c69c8000 ---p 00029000 08:04 2243874                    /usr/lib/jvm/java-7-oracle/jre/lib/amd64/libjava.so
7f55c69c8000-7f55c69ca000 rw-p 00029000 08:04 2243874                    /usr/lib/jvm/java-7-oracle/jre/lib/amd64/libjava.so
7f55c69ca000-7f55c69d7000 r-xp 00000000 08:04 2243927                    /usr/lib/jvm/java-7-oracle/jre/lib/amd64/libverify.so
7f55c69d7000-7f55c6bd6000 ---p 0000d000 08:04 2243927                    /usr/lib/jvm/java-7-oracle/jre/lib/amd64/libverify.so
7f55c6bd6000-7f55c6bd8000 rw-p 0000c000 08:04 2243927                    /usr/lib/jvm/java-7-oracle/jre/lib/amd64/libverify.so
7f55c6bd8000-7f55c6bdf000 r-xp 00000000 08:04 1573969                    /lib/x86_64-linux-gnu/librt-2.17.so
7f55c6bdf000-7f55c6dde000 ---p 00007000 08:04 1573969                    /lib/x86_64-linux-gnu/librt-2.17.so
7f55c6dde000-7f55c6ddf000 r--p 00006000 08:04 1573969                    /lib/x86_64-linux-gnu/librt-2.17.so
7f55c6ddf000-7f55c6de0000 rw-p 00007000 08:04 1573969                    /lib/x86_64-linux-gnu/librt-2.17.so
7f55c6de0000-7f55c6ee3000 r-xp 00000000 08:04 1573897                    /lib/x86_64-linux-gnu/libm-2.17.so
7f55c6ee3000-7f55c70e2000 ---p 00103000 08:04 1573897                    /lib/x86_64-linux-gnu/libm-2.17.so
7f55c70e2000-7f55c70e3000 r--p 00102000 08:04 1573897                    /lib/x86_64-linux-gnu/libm-2.17.so
7f55c70e3000-7f55c70e4000 rw-p 00103000 08:04 1573897                    /lib/x86_64-linux-gnu/libm-2.17.so
7f55c70e4000-7f55c7c54000 r-xp 00000000 08:04 2243920                    /usr/lib/jvm/java-7-oracle/jre/lib/amd64/server/libjvm.so
7f55c7c54000-7f55c7e53000 ---p 00b70000 08:04 2243920                    /usr/lib/jvm/java-7-oracle/jre/lib/amd64/server/libjvm.so
7f55c7e53000-7f55c7f18000 rw-p 00b6f000 08:04 2243920                    /usr/lib/jvm/java-7-oracle/jre/lib/amd64/server/libjvm.so
7f55c7f18000-7f55c7f58000 rw-p 00000000 00:00 0 
7f55c7f58000-7f55c8115000 r-xp 00000000 08:04 1573846                    /lib/x86_64-linux-gnu/libc-2.17.so
7f55c8115000-7f55c8315000 ---p 001bd000 08:04 1573846                    /lib/x86_64-linux-gnu/libc-2.17.so
7f55c8315000-7f55c8319000 r--p 001bd000 08:04 1573846                    /lib/x86_64-linux-gnu/libc-2.17.so
7f55c8319000-7f55c831b000 rw-p 001c1000 08:04 1573846                    /lib/x86_64-linux-gnu/libc-2.17.so
7f55c831b000-7f55c8320000 rw-p 00000000 00:00 0 
7f55c8320000-7f55c8323000 r-xp 00000000 08:04 1573861                    /lib/x86_64-linux-gnu/libdl-2.17.so
7f55c8323000-7f55c8522000 ---p 00003000 08:04 1573861                    /lib/x86_64-linux-gnu/libdl-2.17.so
7f55c8522000-7f55c8523000 r--p 00002000 08:04 1573861                    /lib/x86_64-linux-gnu/libdl-2.17.so
7f55c8523000-7f55c8524000 rw-p 00003000 08:04 1573861                    /lib/x86_64-linux-gnu/libdl-2.17.so
7f55c8524000-7f55c853a000 r-xp 00000000 08:04 2243926                    /usr/lib/jvm/java-7-oracle/jre/lib/amd64/jli/libjli.so
7f55c853a000-7f55c873a000 ---p 00016000 08:04 2243926                    /usr/lib/jvm/java-7-oracle/jre/lib/amd64/jli/libjli.so
7f55c873a000-7f55c873b000 rw-p 00016000 08:04 2243926                    /usr/lib/jvm/java-7-oracle/jre/lib/amd64/jli/libjli.so
7f55c873b000-7f55c8752000 r-xp 00000000 08:04 1573961                    /lib/x86_64-linux-gnu/libpthread-2.17.so
7f55c8752000-7f55c8952000 ---p 00017000 08:04 1573961                    /lib/x86_64-linux-gnu/libpthread-2.17.so
7f55c8952000-7f55c8953000 r--p 00017000 08:04 1573961                    /lib/x86_64-linux-gnu/libpthread-2.17.so
7f55c8953000-7f55c8954000 rw-p 00018000 08:04 1573961                    /lib/x86_64-linux-gnu/libpthread-2.17.so
7f55c8954000-7f55c8958000 rw-p 00000000 00:00 0 
7f55c8958000-7f55c897b000 r-xp 00000000 08:04 1573822                    /lib/x86_64-linux-gnu/ld-2.17.so
7f55c897e000-7f55c899e000 rw-p 00000000 00:00 0 
7f55c899e000-7f55c8a54000 rw-p 00000000 00:00 0 
7f55c8a54000-7f55c8a57000 ---p 00000000 00:00 0 
7f55c8a57000-7f55c8b59000 rw-p 00000000 00:00 0                          [stack:14739]
7f55c8b5b000-7f55c8b5c000 rw-p 00000000 00:00 0 
7f55c8b5c000-7f55c8b60000 r--s 0008a000 08:04 2244061                    /usr/lib/jvm/java-7-oracle/jre/lib/jsse.jar
7f55c8b60000-7f55c8b6e000 r--s 000cf000 08:04 1588269                    /home/david/Escritorio/android-studio/sdk/build-tools/19.1.0/lib/dx.jar
7f55c8b6e000-7f55c8b76000 rw-s 00000000 08:04 2093710                    /tmp/hsperfdata_root/14730
7f55c8b76000-7f55c8b77000 rw-p 00000000 00:00 0 
7f55c8b77000-7f55c8b78000 ---p 00000000 00:00 0 
7f55c8b78000-7f55c8b7a000 rw-p 00000000 00:00 0 
7f55c8b7a000-7f55c8b7b000 r--p 00022000 08:04 1573822                    /lib/x86_64-linux-gnu/ld-2.17.so
7f55c8b7b000-7f55c8b7d000 rw-p 00023000 08:04 1573822                    /lib/x86_64-linux-gnu/ld-2.17.so
7fffc6234000-7fffc6255000 rw-p 00000000 00:00 0                          [stack]
7fffc635f000-7fffc6361000 r-xp 00000000 00:00 0                          [vdso]
ffffffffff600000-ffffffffff601000 r-xp 00000000 00:00 0                  [vsyscall]

VM Arguments:
jvm_args: -Xmx1024M 
java_command: /home/david/Escritorio/android-studio/sdk/build-tools/19.1.0/lib/dx.jar --dex --output /root/AndroidStudioProjects/Woici/app/build/intermediates/dex/debug /root/AndroidStudioProjects/Woici/app/build/intermediates/classes/debug /root/AndroidStudioProjects/Woici/app/build/intermediates/dependency-cache/debug /root/AndroidStudioProjects/Woici/app/build/intermediates/pre-dexed/debug/internal_impl-20.0.0-67a6854ab63c5ae6470daf833ca241b73747a9ce.jar /root/AndroidStudioProjects/Woici/app/build/intermediates/pre-dexed/debug/support-annotations-20.0.0-f0f98633d18ce42cabb75c008fb10203f5e22214.jar /root/AndroidStudioProjects/Woici/app/build/intermediates/pre-dexed/debug/classes-ac5fd11d50aa9d6eef2383ebfb63d762d9d48e9d.jar /root/AndroidStudioProjects/Woici/app/build/intermediates/pre-dexed/debug/classes-beb593ea033d8dfa3da6a57be5e8a787db9549ff.jar /root/AndroidStudioProjects/Woici/app/build/intermediates/pre-dexed/debug/classes-a058e59f5a4a55820581bc3587ed41fea3111a6a.jar
Launcher Type: SUN_STANDARD

Environment Variables:
CLASSPATH=./../lib/bootstrap.jar:./../lib/extensions.jar:./../lib/util.jar:./../lib/jdom.jar:./../lib/log4j.jar:./../lib/trove4j.jar:./../lib/jna.jar:/usr/lib/jvm/java-7-oracle/lib/tools.jar
PATH=/usr/local/sbin:/usr/local/bin:/usr/sbin:/usr/bin:/sbin:/bin
USERNAME=root
LD_LIBRARY_PATH=.:
SHELL=/bin/bash
DISPLAY=:0

Signal Handlers:
SIGSEGV: [libjvm.so+0x99f4a0], sa_mask[0]=0x7ffbfeff, sa_flags=0x10000004
SIGBUS: [libjvm.so+0x99f4a0], sa_mask[0]=0x7ffbfeff, sa_flags=0x10000004
SIGFPE: [libjvm.so+0x81a860], sa_mask[0]=0x7ffbfeff, sa_flags=0x10000004
SIGPIPE: [libjvm.so+0x81a860], sa_mask[0]=0x7ffbfeff, sa_flags=0x10000004
SIGXFSZ: [libjvm.so+0x81a860], sa_mask[0]=0x7ffbfeff, sa_flags=0x10000004
SIGILL: [libjvm.so+0x81a860], sa_mask[0]=0x7ffbfeff, sa_flags=0x10000004
SIGUSR1: SIG_DFL, sa_mask[0]=0x00000000, sa_flags=0x00000000
SIGUSR2: [libjvm.so+0x81c060], sa_mask[0]=0x00000004, sa_flags=0x10000004
SIGHUP: [libjvm.so+0x81d160], sa_mask[0]=0x7ffbfeff, sa_flags=0x10000004
SIGINT: [libjvm.so+0x81d160], sa_mask[0]=0x7ffbfeff, sa_flags=0x10000004
SIGTERM: [libjvm.so+0x81d160], sa_mask[0]=0x7ffbfeff, sa_flags=0x10000004
SIGQUIT: [libjvm.so+0x81d160], sa_mask[0]=0x7ffbfeff, sa_flags=0x10000004


---------------  S Y S T E M  ---------------

OS:wheezy/sid

uname:Linux 3.11.0-12-generic #19-Ubuntu SMP Wed Oct 9 16:20:46 UTC 2013 x86_64
libc:glibc 2.17 NPTL 2.17 
rlimit: STACK 8192k, CORE 0k, NPROC 31088, NOFILE 4096, AS infinity
load average:1,07 0,87 0,77

/proc/meminfo:
MemTotal:        4008576 kB
MemFree:          116296 kB
Buffers:             868 kB
Cached:           307588 kB
SwapCached:            0 kB
Active:          3447464 kB
Inactive:         286040 kB
Active(anon):    3426840 kB
Inactive(anon):   265168 kB
Active(file):      20624 kB
Inactive(file):    20872 kB
Unevictable:        1016 kB
Mlocked:            1016 kB
SwapTotal:             0 kB
SwapFree:              0 kB
Dirty:                60 kB
Writeback:             0 kB
AnonPages:       3426568 kB
Mapped:           101028 kB
Shmem:            266612 kB
Slab:              58944 kB
SReclaimable:      26412 kB
SUnreclaim:        32532 kB
KernelStack:        5952 kB
PageTables:        45928 kB
NFS_Unstable:          0 kB
Bounce:                0 kB
WritebackTmp:          0 kB
CommitLimit:     2004288 kB
Committed_AS:    8584320 kB
VmallocTotal:   34359738367 kB
VmallocUsed:      345192 kB
VmallocChunk:   34359388636 kB
HardwareCorrupted:     0 kB
AnonHugePages:         0 kB
HugePages_Total:       0
HugePages_Free:        0
HugePages_Rsvd:        0
HugePages_Surp:        0
Hugepagesize:       2048 kB
DirectMap4k:       43772 kB
DirectMap2M:     4110336 kB


CPU:total 2 (2 cores per cpu, 1 threads per core) family 6 model 23 stepping 10, cmov, cx8, fxsr, mmx, sse, sse2, sse3, ssse3, tsc

/proc/cpuinfo:
processor	: 0
vendor_id	: GenuineIntel
cpu family	: 6
model		: 23
model name	: Pentium(R) Dual-Core CPU       T4500  @ 2.30GHz
stepping	: 10
microcode	: 0xa07
cpu MHz		: 2300.000
cache size	: 1024 KB
physical id	: 0
siblings	: 2
core id		: 0
cpu cores	: 2
apicid		: 0
initial apicid	: 0
fpu		: yes
fpu_exception	: yes
cpuid level	: 13
wp		: yes
flags		: fpu vme de pse tsc msr pae mce cx8 apic sep mtrr pge mca cmov pat pse36 clflush dts acpi mmx fxsr sse sse2 ss ht tm pbe syscall nx lm constant_tsc arch_perfmon pebs bts rep_good nopl aperfmperf pni dtes64 monitor ds_cpl est tm2 ssse3 cx16 xtpr pdcm xsave lahf_lm dtherm
bogomips	: 4588.42
clflush size	: 64
cache_alignment	: 64
address sizes	: 36 bits physical, 48 bits virtual
power management:

processor	: 1
vendor_id	: GenuineIntel
cpu family	: 6
model		: 23
model name	: Pentium(R) Dual-Core CPU       T4500  @ 2.30GHz
stepping	: 10
microcode	: 0xa07
cpu MHz		: 2300.000
cache size	: 1024 KB
physical id	: 0
siblings	: 2
core id		: 1
cpu cores	: 2
apicid		: 1
initial apicid	: 1
fpu		: yes
fpu_exception	: yes
cpuid level	: 13
wp		: yes
flags		: fpu vme de pse tsc msr pae mce cx8 apic sep mtrr pge mca cmov pat pse36 clflush dts acpi mmx fxsr sse sse2 ss ht tm pbe syscall nx lm constant_tsc arch_perfmon pebs bts rep_good nopl aperfmperf pni dtes64 monitor ds_cpl est tm2 ssse3 cx16 xtpr pdcm xsave lahf_lm dtherm
bogomips	: 4588.42
clflush size	: 64
cache_alignment	: 64
address sizes	: 36 bits physical, 48 bits virtual
power management:



Memory: 4k page, physical 4008576k(116296k free), swap 0k(0k free)

vm_info: Java HotSpot(TM) 64-Bit Server VM (24.65-b04) for linux-amd64 JRE (1.7.0_65-b17), built on Jun 16 2014 20:55:34 by "java_re" with gcc 4.3.0 20080428 (Red Hat 4.3.0-8)

time: Sun Nov 30 00:28:56 2014
elapsed time: 8 seconds

